<?xml version="1.0" encoding="UTF-8"?>
<testsuites>
  <testsuite name="Requirements" tests="5" failures="2" errors="2">
    <testcase name="Endpoint connection" classname="Requirements"/>
    <testcase name="NEXTCLOUD configuration" classname="Requirements"/>
    <testcase name="PHP version" classname="Requirements"/>
    <testcase name="Toolkit version" classname="Requirements">
      <failure type="error" message="FAIL (not found)"/>
    </testcase>
    <testcase name="Drupal version" classname="Requirements">
      <failure type="error" message="FAIL (not found)"/>
    </testcase>
  </testsuite>
</testsuites>
