<?xml version="1.0" encoding="UTF-8"?>
<testsuites>
  <testsuite name="Requirements2" time="0" tests="5" failures="2" errors="2">
    <testcase time="0" name="Endpoint connection"/>
    <testcase time="0" name="NEXTCLOUD configuration"/>
    <testcase time="0" name="PHP version"/>
    <testcase time="0" name="Toolkit version">
      <failure message="FAIL (not found)"/>
    </testcase>
    <testcase time="0" name="Drupal version">
      <failure message="FAIL (not found)"/>
    </testcase>
  </testsuite>
</testsuites>
